<?xml version="1.0" encoding="UTF-8"?>
<testng-results ignored="0" total="1" passed="1" failed="0" skipped="0">
  <reporter-output>
  </reporter-output>
  <suite started-at="2023-08-23T09:19:53 IST" name="Default suite" finished-at="2023-08-23T09:19:53 IST" duration-ms="58">
    <groups>
    </groups>
    <test started-at="2023-08-23T09:19:53 IST" name="Default test" finished-at="2023-08-23T09:19:53 IST" duration-ms="58">
      <class name="Sample1.DemoTest">
        <test-method signature="Test1()[pri:0, instance:Sample1.DemoTest@3a44431a]" started-at="2023-08-23T09:19:53 IST" name="Test1" finished-at="2023-08-23T09:19:53 IST" duration-ms="9" status="PASS">
          <reporter-output>
          </reporter-output>
        </test-method> <!-- Test1 -->
      </class> <!-- Sample1.DemoTest -->
    </test> <!-- Default test -->
  </suite> <!-- Default suite -->
</testng-results>
